C51 COMPILER V9.60.0.0   MAIN                                                              11/06/2020 09:31:45 PAGE 1   


C51 COMPILER V9.60.0.0, COMPILATION OF MODULE MAIN
OBJECT MODULE PLACED IN .\Objects\main.obj
COMPILER INVOKED BY: C:\Program Files\keil\C51\BIN\C51.EXE main.c OPTIMIZE(8,SPEED) BROWSE DEBUG OBJECTEXTEND PRINT(.\Li
                    -stings\main.lst) TABS(2) OBJECT(.\Objects\main.obj)

line level    source

   1          #include<reg51.h>
   2          #include "lcd.h"
   3          
   4          sbit r1 = P1^0;
   5          sbit r2 = P1^1;
   6          sbit r3 = P1^2;
   7          sbit r4 = P1^3;
   8          sbit c1 = P1^4;
   9          sbit c2 = P1^5;
  10          sbit c3 = P1^6;
  11          sbit c4 = P1^7;
  12          void row_scan();
  13          void delay(unsigned char);
  14          void send_num(unsigned int);
  15          void calculate();
  16          unsigned int y, a = 0, b = 0;
  17          unsigned char operator='#', flag = 0;
  18          
  19          void main()
  20          {
  21   1          P1 = 0xf0; // To make rows as output and columns as input pins column bits are set to 1
  22   1          lcd_init();
  23   1          lcd_cmd(0x85);
  24   1          lcd_head("EEE-SW");
  25   1          lcd_cmd(0xc3);
  26   1          lcd_head("RESTAURANT");
  27   1          delay(200);
  28   1          lcd_cmd(0x01);//clear display
  29   1          while(1)
  30   1          {
  31   2              row_scan();
  32   2          }
  33   1      }
  34          
  35          void row_scan()
  36          {
  37   1          //---ROW 1---//
  38   1          r1 = 0;
  39   1          r2 = r3 = r4 = 1;
  40   1          if(c1 == 0)
  41   1          {
  42   2              delay(32);
  43   2              while(c1 == 0)
  44   2              {
  45   3                  lcd_string("Biriyani");
  46   3                  if(flag == 0)
  47   3                      a = a + 100;
  48   3                  else
  49   3                      b = b + 100;
  50   3              }
  51   2          }
  52   1          if(c2 == 0)
  53   1          {
  54   2              delay(32);
C51 COMPILER V9.60.0.0   MAIN                                                              11/06/2020 09:31:45 PAGE 2   

  55   2              while(c2 == 0)
  56   2              {
  57   3                  lcd_string("FriedRice");
  58   3                  if(flag == 0)
  59   3                      a = a + 80;
  60   3                  else
  61   3                      b = b + 80;
  62   3              }
  63   2          }
  64   1          if(c3 == 0)
  65   1          {
  66   2              delay(32);
  67   2              while(c3 == 0)
  68   2              {
  69   3                  lcd_string("Noodles");
  70   3                  if(flag == 0)
  71   3                      a = a + 90;
  72   3                  else
  73   3                      b = b + 90;
  74   3              }
  75   2          }
  76   1          if(c4 == 0)
  77   1          {
  78   2              delay(32);
  79   2              while(c4 == 0)
  80   2              {
  81   3                  flag = 1;
  82   3                  lcd_dat('/');
  83   3                  operator = '/';
  84   3              }
  85   2          }
  86   1      
  87   1          //---ROW 2---//
  88   1          r2 = 0;
  89   1          r1 = r3 = r4 = 1;
  90   1          if(c1 == 0)
  91   1          {
  92   2              delay(32);
  93   2              while(c1 == 0)
  94   2              {
  95   3                  lcd_string("Dosa");
  96   3                  if(flag == 0)
  97   3                      a = a + 15;
  98   3                  else
  99   3                      b = b + 15;
 100   3              }
 101   2          }
 102   1          if(c2 == 0)
 103   1          {
 104   2              delay(32);
 105   2              while(c2 == 0)
 106   2              {
 107   3                  lcd_string("Parotta");
 108   3                  if(flag == 0)
 109   3                      a = a + 20;
 110   3                  else
 111   3                      b = b + 20;
 112   3              }
 113   2          }
 114   1          if(c3 == 0)
 115   1          {
 116   2              delay(32);
C51 COMPILER V9.60.0.0   MAIN                                                              11/06/2020 09:31:45 PAGE 3   

 117   2              while(c3 == 0)
 118   2              {
 119   3                  lcd_string("Chapati");
 120   3                  if(flag == 0)
 121   3                      a = a + 25;
 122   3                  else
 123   3                      b = b + 25;
 124   3              }
 125   2          }
 126   1          if(c4 == 0)
 127   1          {
 128   2              delay(32);
 129   2              while(c4 == 0)
 130   2              {
 131   3                  flag = 1;
 132   3                  lcd_dat('x');
 133   3                  operator = 'x';
 134   3              }
 135   2          }
 136   1      
 137   1          //---ROW 3---//
 138   1          r3 = 0;
 139   1          r2 = r1 = r4 = 1;
 140   1          if(c1 == 0)
 141   1          {
 142   2              delay(32);
 143   2              while(c1 == 0)
 144   2              {
 145   3                  lcd_string("Tea");
 146   3                  if(flag == 0)
 147   3                      a = a + 10;
 148   3                  else
 149   3                      b = b + 10;
 150   3              }
 151   2          }
 152   1          if(c2 == 0)
 153   1          {
 154   2              delay(32);
 155   2              while(c2 == 0)
 156   2              {
 157   3                  lcd_string("Coffee");
 158   3                  if(flag == 0)
 159   3                      a = a + 12;
 160   3                  else
 161   3                      b = b + 12;
 162   3              }
 163   2          }
 164   1          if(c3 == 0)
 165   1          {
 166   2              delay(32);
 167   2              while(c3 == 0)
 168   2              {
 169   3                  lcd_string("Juice");
 170   3                  if(flag == 0)
 171   3                      a = a + 15;
 172   3                  else
 173   3                      b = b + 15;
 174   3              }
 175   2          }
 176   1          if(c4 == 0)
 177   1          {
 178   2              delay(32);
C51 COMPILER V9.60.0.0   MAIN                                                              11/06/2020 09:31:45 PAGE 4   

 179   2              while(c4 == 0)
 180   2              {
 181   3                  flag = 1;
 182   3                  lcd_dat('-');
 183   3                  operator = '-';
 184   3              }
 185   2          }
 186   1      
 187   1          //---ROW 4---//
 188   1          r4 = 0;
 189   1          r2 = r3 = r1 = 1;
 190   1          if(c1 == 0)
 191   1          {
 192   2              delay(32);
 193   2              while(c1 == 0)
 194   2              {
 195   3                  lcd_cursor();
 196   3                  lcd_cmd(0x01);
 197   3                  flag = a = b = 0;
 198   3              }
 199   2          }
 200   1          if(c2 == 0)
 201   1          {
 202   2              delay(32);
 203   2              while(c2 == 0)
 204   2              {
 205   3                  lcd_dat('0');
 206   3                  if(flag == 0)
 207   3                      a = a*10 + 0;
 208   3                  else
 209   3                      b = b*10 + 0;
 210   3              }
 211   2          }
 212   1          if(c3 == 0)
 213   1          {
 214   2              delay(32);
 215   2              while(c3 == 0)
 216   2              {
 217   3                  lcd_dat('=');
 218   3                  calculate();
 219   3              }
 220   2          }
 221   1          if(c4 == 0)
 222   1          {
 223   2              delay(32);
 224   2              while(c4 == 0)
 225   2              {
 226   3                  flag = 1;
 227   3                  lcd_dat('+');
 228   3                  operator = '+';
 229   3              }
 230   2          }
 231   1      }
 232          
 233          void delay(unsigned char t)
 234          {
 235   1          unsigned int j;
 236   1          unsigned char i;
 237   1          for(i = 0; i < t; i++)
 238   1              for(j = 0; j < 700; j++);
 239   1      }
 240          
C51 COMPILER V9.60.0.0   MAIN                                                              11/06/2020 09:31:45 PAGE 5   

 241          
 242          void calculate()
 243          {   
 244   1          lcd_init();
 245   1          lcd_cursor();
 246   1          lcd_cmd(0x80);
 247   1          lcd_string("Total Amount");
 248   1          lcd_cmd(0xc0);
 249   1          lcd_cursor();
 250   1          if(operator == '+')
 251   1          {
 252   2              send_num(a + b);
 253   2          }
 254   1      
 255   1          if(operator == '-')
 256   1          {
 257   2              if(a > b)
 258   2                  send_num(a - b);
 259   2              else
 260   2              {
 261   3                  lcd_dat('-');
 262   3                  send_num(b - a);
 263   3              }
 264   2          }
 265   1      
 266   1          if(operator == '/')
 267   1          {
 268   2              if(b != 0)
 269   2                  send_num(a/b);
 270   2              else
 271   2              {
 272   3                  lcd_cmd(0x01);
 273   3                  lcd_string("No B value");
 274   3              }
 275   2          }
 276   1      
 277   1          if(operator == 'x')
 278   1          {
 279   2              send_num(a*b);
 280   2          }
 281   1          if(operator == '#')
 282   1          {
 283   2              send_num(a);
 284   2          }
 285   1      }
 286          
 287          void send_num(unsigned int x)
 288          {   
 289   1          a=x;
 290   1          b=0;
 291   1          if(x > 9999)
 292   1          {
 293   2              y = x/10000;
 294   2              lcd_dat(y + 0x30);//hex code for 1
 295   2              x = x%10000;
 296   2              y = x/1000;
 297   2              lcd_dat(y + 0x30);
 298   2              x = x%1000;
 299   2              y = x/100;
 300   2              lcd_dat(y + 0x30);
 301   2              x = x%100;
 302   2              y = x/10;
C51 COMPILER V9.60.0.0   MAIN                                                              11/06/2020 09:31:45 PAGE 6   

 303   2              lcd_dat(y + 0x30);
 304   2              y = x%10;
 305   2              lcd_dat(y + 0x30);
 306   2          }
 307   1          else if(x > 999 && x < 9999)
 308   1          {
 309   2              y = x/1000;
 310   2              lcd_dat(y + 0x30);
 311   2              x = x%1000;
 312   2              y = x/100;
 313   2              lcd_dat(y + 0x30);
 314   2              x = x%100;
 315   2              y = x/10;
 316   2              lcd_dat(y + 0x30);
 317   2              y = x%10;
 318   2              lcd_dat(y + 0x30);
 319   2          }
 320   1          else if(x > 99 && x < 999)
 321   1          {
 322   2              y = x/100;
 323   2              lcd_dat(y + 0x30);
 324   2              x = x%100;
 325   2              y = x/10;
 326   2              lcd_dat(y + 0x30);
 327   2              y = x%10;
 328   2              lcd_dat(y + 0x30);
 329   2          }
 330   1          else if(x > 9 && x < 99)
 331   1          {
 332   2              y = x/10;
 333   2              lcd_dat(y + 0x30);
 334   2              y = x%10;
 335   2              lcd_dat(y + 0x30);
 336   2          }
 337   1          else
 338   1          {
 339   2              lcd_dat(x + 0x30);
 340   2          }
 341   1          
 342   1          lcd_cmd(0x8c);
 343   1          lcd_cust();
 344   1      
 345   1      }


MODULE INFORMATION:   STATIC OVERLAYABLE
   CODE SIZE        =   1339    ----
   CONSTANT SIZE    =    107    ----
   XDATA SIZE       =   ----    ----
   PDATA SIZE       =   ----    ----
   DATA SIZE        =     10       8
   IDATA SIZE       =   ----    ----
   BIT SIZE         =   ----    ----
END OF MODULE INFORMATION.


C51 COMPILATION COMPLETE.  0 WARNING(S),  0 ERROR(S)
